<?xml version="1.0" encoding="UTF-8"?>
<testsuite xmlns:xsi="http://www.w3.org/2001/XMLSchema-instance" xsi:noNamespaceSchemaLocation="https://maven.apache.org/surefire/maven-surefire-plugin/xsd/surefire-test-report.xsd" name="com.example.hello.demo.controllers.RootControllerTest" time="1.352" tests="1" errors="0" skipped="1" failures="0">
  <properties>
[...]
</properties>
  <testcase name="somehting_test" classname="com.example.hello.demo.controllers.RootControllerTest" time="0">
    <skipped/>
    <system-out><![CDATA[15:07:50.478 [main] DEBUG org.springframework.test.context.junit4.SpringJUnit4ClassRunner - SpringJUnit4ClassRunner constructor called with [class com.example.hello.demo.controllers.RootControllerTest]
15:07:50.497 [main] DEBUG org.springframework.test.context.BootstrapUtils - Instantiating CacheAwareContextLoaderDelegate from class [org.springframework.test.context.cache.DefaultCacheAwareContextLoaderDelegate]
15:07:50.528 [main] DEBUG org.springframework.test.context.BootstrapUtils - Instantiating BootstrapContext using constructor [public org.springframework.test.context.support.DefaultBootstrapContext(java.lang.Class,org.springframework.test.context.CacheAwareContextLoaderDelegate)]
15:07:50.602 [main] DEBUG org.springframework.test.context.BootstrapUtils - Instantiating TestContextBootstrapper for test class [com.example.hello.demo.controllers.RootControllerTest] from class [org.springframework.boot.test.autoconfigure.web.servlet.WebMvcTestContextBootstrapper]
15:07:50.720 [main] INFO org.springframework.boot.test.autoconfigure.web.servlet.WebMvcTestContextBootstrapper - Neither @ContextConfiguration nor @ContextHierarchy found for test class [com.example.hello.demo.controllers.RootControllerTest], using SpringBootContextLoader
15:07:50.745 [main] DEBUG org.springframework.test.context.support.AbstractContextLoader - Did not detect default resource location for test class [com.example.hello.demo.controllers.RootControllerTest]: class path resource [com/example/hello/demo/controllers/RootControllerTest-context.xml] does not exist
15:07:50.746 [main] DEBUG org.springframework.test.context.support.AbstractContextLoader - Did not detect default resource location for test class [com.example.hello.demo.controllers.RootControllerTest]: class path resource [com/example/hello/demo/controllers/RootControllerTestContext.groovy] does not exist
15:07:50.746 [main] INFO org.springframework.test.context.support.AbstractContextLoader - Could not detect default resource locations for test class [com.example.hello.demo.controllers.RootControllerTest]: no resource found for suffixes {-context.xml, Context.groovy}.
15:07:50.750 [main] INFO org.springframework.test.context.support.AnnotationConfigContextLoaderUtils - Could not detect default configuration classes for test class [com.example.hello.demo.controllers.RootControllerTest]: RootControllerTest does not declare any static, non-private, non-final, nested classes annotated with @Configuration.
15:07:50.985 [main] DEBUG org.springframework.test.context.support.ActiveProfilesUtils - Could not find an 'annotation declaring class' for annotation type [org.springframework.test.context.ActiveProfiles] and class [com.example.hello.demo.controllers.RootControllerTest]
15:07:51.241 [main] DEBUG org.springframework.context.annotation.ClassPathScanningCandidateComponentProvider - Identified candidate component class: file [/Users/pivotal/workspace/hello/target/classes/com/example/hello/demo/DemoApplication.class]
15:07:51.243 [main] INFO org.springframework.boot.test.context.SpringBootTestContextBootstrapper - Found @SpringBootConfiguration com.example.hello.demo.DemoApplication for test class com.example.hello.demo.controllers.RootControllerTest
15:07:51.247 [main] DEBUG org.springframework.boot.test.autoconfigure.web.servlet.WebMvcTestContextBootstrapper - @TestExecutionListeners is not present for class [com.example.hello.demo.controllers.RootControllerTest]: using defaults.
15:07:51.252 [main] INFO org.springframework.boot.test.autoconfigure.web.servlet.WebMvcTestContextBootstrapper - Loaded default TestExecutionListener class names from location [META-INF/spring.factories]: [org.springframework.boot.test.mock.mockito.MockitoTestExecutionListener, org.springframework.boot.test.mock.mockito.ResetMocksTestExecutionListener, org.springframework.boot.test.autoconfigure.restdocs.RestDocsTestExecutionListener, org.springframework.boot.test.autoconfigure.web.client.MockRestServiceServerResetTestExecutionListener, org.springframework.boot.test.autoconfigure.web.servlet.MockMvcPrintOnlyOnFailureTestExecutionListener, org.springframework.boot.test.autoconfigure.web.servlet.WebDriverTestExecutionListener, org.springframework.test.context.web.ServletTestExecutionListener, org.springframework.test.context.support.DirtiesContextBeforeModesTestExecutionListener, org.springframework.test.context.support.DependencyInjectionTestExecutionListener, org.springframework.test.context.support.DirtiesContextTestExecutionListener, org.springframework.test.context.transaction.TransactionalTestExecutionListener, org.springframework.test.context.jdbc.SqlScriptsTestExecutionListener]
15:07:51.370 [main] INFO org.springframework.boot.test.autoconfigure.web.servlet.WebMvcTestContextBootstrapper - Using TestExecutionListeners: [org.springframework.test.context.web.ServletTestExecutionListener@197d671, org.springframework.test.context.support.DirtiesContextBeforeModesTestExecutionListener@402e37bc, org.springframework.boot.test.mock.mockito.MockitoTestExecutionListener@79ad8b2f, org.springframework.boot.test.autoconfigure.SpringBootDependencyInjectionTestExecutionListener@1df82230, org.springframework.test.context.support.DirtiesContextTestExecutionListener@22635ba0, org.springframework.test.context.transaction.TransactionalTestExecutionListener@13c10b87, org.springframework.test.context.jdbc.SqlScriptsTestExecutionListener@6a01e23, org.springframework.boot.test.mock.mockito.ResetMocksTestExecutionListener@5a955565, org.springframework.boot.test.autoconfigure.restdocs.RestDocsTestExecutionListener@6293abcc, org.springframework.boot.test.autoconfigure.web.client.MockRestServiceServerResetTestExecutionListener@7995092a, org.springframework.boot.test.autoconfigure.web.servlet.MockMvcPrintOnlyOnFailureTestExecutionListener@7fc2413d, org.springframework.boot.test.autoconfigure.web.servlet.WebDriverTestExecutionListener@f8c1ddd]
15:07:51.377 [main] DEBUG org.springframework.test.annotation.ProfileValueUtils - Retrieved @ProfileValueSourceConfiguration [null] for test class [com.example.hello.demo.controllers.RootControllerTest]
15:07:51.379 [main] DEBUG org.springframework.test.annotation.ProfileValueUtils - Retrieved ProfileValueSource type [class org.springframework.test.annotation.SystemProfileValueSource] for class [com.example.hello.demo.controllers.RootControllerTest]
15:07:51.381 [main] DEBUG org.springframework.test.annotation.ProfileValueUtils - Retrieved @ProfileValueSourceConfiguration [null] for test class [com.example.hello.demo.controllers.RootControllerTest]
15:07:51.381 [main] DEBUG org.springframework.test.annotation.ProfileValueUtils - Retrieved ProfileValueSource type [class org.springframework.test.annotation.SystemProfileValueSource] for class [com.example.hello.demo.controllers.RootControllerTest]
15:07:51.384 [main] DEBUG org.springframework.test.annotation.ProfileValueUtils - Retrieved @ProfileValueSourceConfiguration [null] for test class [com.example.hello.demo.controllers.RootControllerTest]
15:07:51.384 [main] DEBUG org.springframework.test.annotation.ProfileValueUtils - Retrieved ProfileValueSource type [class org.springframework.test.annotation.SystemProfileValueSource] for class [com.example.hello.demo.controllers.RootControllerTest]
]]></system-out>
  </testcase>
</testsuite>